Process
=======
package-task

Command Line
============
/home/renan/Documents/GerenciadorPasse/gerenciadorpasse/target/gluonfx/aarch64-android/gvm/android_project/gradlew -p /home/renan/Documents/GerenciadorPasse/gerenciadorpasse/target/gluonfx/aarch64-android/gvm/android_project assembleDebug

Output
======
To honour the JVM settings for this build a single-use Daemon process will be forked. For more on this, please refer to https://docs.gradle.org/8.9/userguide/gradle_daemon.html#sec:disabling_the_daemon in the Gradle documentation.
Daemon will be stopped at the end of the build 

FAILURE: Build failed with an exception.

* What went wrong:
BUG! exception in phase 'semantic analysis' in source unit '_BuildScript_' Unsupported class file major version 67
> Unsupported class file major version 67

* Try:
> Run with --stacktrace option to get the stack trace.
> Run with --info or --debug option to get more log output.
> Run with --scan to get full insights.
> Get more help at https://help.gradle.org.

BUILD FAILED in 4s


Result
======
result: 1